<?xml version="1.0" encoding="UTF-8"?>
<testng-results skipped="0" failed="0" ignored="0" total="2" passed="2">
  <reporter-output>
  </reporter-output>
  <suite name="Command line suite" duration-ms="20081" started-at="2021-01-08T02:33:19Z" finished-at="2021-01-08T02:33:39Z">
    <groups>
    </groups>
    <test name="Command line test" duration-ms="20081" started-at="2021-01-08T02:33:19Z" finished-at="2021-01-08T02:33:39Z">
      <class name="com.test.DemoTest">
        <test-method status="PASS" signature="loginTest()[pri:0, instance:com.test.DemoTest@8bc3d5]" name="loginTest" duration-ms="8491" started-at="2021-01-08T02:33:31Z" finished-at="2021-01-08T02:33:39Z">
          <reporter-output>
          </reporter-output>
        </test-method> <!-- loginTest -->
      </class> <!-- com.test.DemoTest -->
      <class name="com.test.DashboardTest">
        <test-method status="PASS" signature="test1()[pri:0, instance:com.test.DashboardTest@fb434]" name="test1" duration-ms="11542" started-at="2021-01-08T02:33:19Z" finished-at="2021-01-08T02:33:31Z">
          <reporter-output>
          </reporter-output>
        </test-method> <!-- test1 -->
      </class> <!-- com.test.DashboardTest -->
    </test> <!-- Command line test -->
  </suite> <!-- Command line suite -->
</testng-results>
