<?xml version="1.0" encoding="UTF-8"?>
<testng-results skipped="0" failed="0" ignored="0" total="1" passed="1">
  <reporter-output>
  </reporter-output>
  <suite name="Default suite" duration-ms="14668" started-at="2021-01-04T17:18:12 IST" finished-at="2021-01-04T17:18:26 IST">
    <groups>
    </groups>
    <test name="Default test" duration-ms="14668" started-at="2021-01-04T17:18:12 IST" finished-at="2021-01-04T17:18:26 IST">
      <class name="com.test.DashboardTest">
        <test-method status="PASS" signature="test1()[pri:0, instance:com.test.DashboardTest@11276c2]" name="test1" duration-ms="14054" started-at="2021-01-04T17:18:12 IST" finished-at="2021-01-04T17:18:26 IST">
          <reporter-output>
          </reporter-output>
        </test-method> <!-- test1 -->
      </class> <!-- com.test.DashboardTest -->
    </test> <!-- Default test -->
  </suite> <!-- Default suite -->
</testng-results>
